#
# There is insufficient memory for the Java Runtime Environment to continue.
# Native memory allocation (malloc) failed to allocate 1900320 bytes for Chunk::new
# Possible reasons:
#   The system is out of physical RAM or swap space
#   The process is running with CompressedOops enabled, and the Java Heap may be blocking the growth of the native heap
# Possible solutions:
#   Reduce memory load on the system
#   Increase physical memory or swap space
#   Check if swap backing store is full
#   Decrease Java heap size (-Xmx/-Xms)
#   Decrease number of Java threads
#   Decrease Java thread stack sizes (-Xss)
#   Set larger code cache with -XX:ReservedCodeCacheSize=
#   JVM is running with Unscaled Compressed Oops mode in which the Java heap is
#     placed in the first 4GB address space. The Java Heap base address is the
#     maximum limit for the native heap growth. Please use -XX:HeapBaseMinAddress
#     to set the Java Heap base and to place the Java Heap above 4GB virtual address.
# This output file may be truncated or incomplete.
#
#  Out of Memory Error (allocation.cpp:389), pid=11840, tid=0x0000000000001f00
#
# JRE version: OpenJDK Runtime Environment (8.0_302-b08) (build 1.8.0_302-b08)
# Java VM: OpenJDK 64-Bit Server VM (25.302-b08 mixed mode windows-amd64 compressed oops)
# Failed to write core dump. Minidumps are not enabled by default on client versions of Windows
#

---------------  T H R E A D  ---------------

Current thread (0x0000019e96fe5000):  JavaThread "C2 CompilerThread1" daemon [_thread_in_native, id=7936, stack(0x0000000e9f300000,0x0000000e9f400000)]

Stack: [0x0000000e9f300000,0x0000000e9f400000]
[error occurred during error reporting (printing stack bounds), id 0xc0000005]

Native frames: (J=compiled Java code, j=interpreted, Vv=VM code, C=native code)


Current CompileTask:
C2:   3933 1513       4       java.net.URLClassLoader$1::run (5 bytes)


---------------  P R O C E S S  ---------------

Java Threads: ( => current thread )
  0x0000019e99946800 JavaThread "Cache worker for file hash cache (C:\Users\USER\.gradle\caches\6.5\fileHashes)" [_thread_blocked, id=8984, stack(0x0000000ea0500000,0x0000000ea0600000)]
  0x0000019e99948800 JavaThread "File lock request listener" [_thread_in_native, id=9624, stack(0x0000000ea0400000,0x0000000ea0500000)]
  0x0000019e99945000 JavaThread "Cache worker for journal cache (C:\Users\USER\.gradle\caches\journal-1)" [_thread_blocked, id=1700, stack(0x0000000ea0300000,0x0000000ea0400000)]
  0x0000019e99893000 JavaThread "Thread-9" [_thread_blocked, id=1636, stack(0x0000000ea0200000,0x0000000ea0300000)]
  0x0000019e99843800 JavaThread "Stdin handler" [_thread_blocked, id=3724, stack(0x0000000ea0100000,0x0000000ea0200000)]
  0x0000019e9987e000 JavaThread "Asynchronous log dispatcher for DefaultDaemonConnection: socket connection from /127.0.0.1:63337 to /127.0.0.1:63338" [_thread_blocked, id=9000, stack(0x0000000ea0000000,0x0000000ea0100000)]
  0x0000019e99898800 JavaThread "Daemon worker" [_thread_in_vm, id=9648, stack(0x0000000e9ff00000,0x0000000ea0000000)]
  0x0000019e998a3000 JavaThread "Cancel handler" [_thread_blocked, id=5768, stack(0x0000000e9fe00000,0x0000000e9ff00000)]
  0x0000019e97f31000 JavaThread "Handler for socket connection from /127.0.0.1:63337 to /127.0.0.1:63338" [_thread_in_native, id=6312, stack(0x0000000e9fd00000,0x0000000e9fe00000)]
  0x0000019e997b2000 JavaThread "Daemon" [_thread_blocked, id=5644, stack(0x0000000e9fc00000,0x0000000e9fd00000)]
  0x0000019e99728000 JavaThread "Daemon periodic checks" [_thread_blocked, id=13252, stack(0x0000000e9fb00000,0x0000000e9fc00000)]
  0x0000019e997cc000 JavaThread "Incoming local TCP Connector on port 63337" [_thread_in_native, id=7336, stack(0x0000000e9fa00000,0x0000000e9fb00000)]
  0x0000019e996d0800 JavaThread "Daemon health stats" [_thread_blocked, id=8920, stack(0x0000000e9f700000,0x0000000e9f800000)]
  0x0000019e97021000 JavaThread "Service Thread" daemon [_thread_blocked, id=668, stack(0x0000000e9f500000,0x0000000e9f600000)]
  0x0000019e96fe8000 JavaThread "C1 CompilerThread2" daemon [_thread_blocked, id=8564, stack(0x0000000e9f400000,0x0000000e9f500000)]
=>0x0000019e96fe5000 JavaThread "C2 CompilerThread1" daemon [_thread_in_native, id=7936, stack(0x0000000e9f300000,0x0000000e9f400000)]
  0x0000019e96fe1800 JavaThread "C2 CompilerThread0" daemon [_thread_blocked, id=11660, stack(0x0000000e9f200000,0x0000000e9f300000)]
  0x0000019e96fd4800 JavaThread "Attach Listener" daemon [_thread_blocked, id=12332, stack(0x0000000e9f100000,0x0000000e9f200000)]
  0x0000019e96fdc000 JavaThread "Signal Dispatcher" daemon [_thread_blocked, id=10260, stack(0x0000000e9f000000,0x0000000e9f100000)]
  0x0000019e80a05000 JavaThread "Finalizer" daemon [_thread_blocked, id=3152, stack(0x0000000e9ef00000,0x0000000e9f000000)]
  0x0000019e809fd800 JavaThread "Reference Handler" daemon [_thread_blocked, id=12676, stack(0x0000000e9ee00000,0x0000000e9ef00000)]
  0x0000019e80742000 JavaThread "main" [_thread_blocked, id=9296, stack(0x0000000e9e800000,0x0000000e9e900000)]

Other Threads:
  0x0000019e96f92800 VMThread [stack: 0x0000000e9ed00000,0x0000000e9ee00000] [id=4100]
  0x0000019e97024800 WatcherThread [stack: 0x0000000e9f600000,0x0000000e9f700000] [id=9100]

VM state:not at safepoint (normal execution)

VM Mutex/Monitor currently owned by a thread: None

heap address: 0x0000000080000000, size: 2048 MB, Compressed Oops mode: 32-bit
Narrow klass base: 0x0000000000000000, Narrow klass shift: 3
Compressed class space size: 1073741824 Address: 0x0000000100000000

Heap:
 PSYoungGen      total 68096K, used 16735K [0x00000000d5580000, 0x00000000da080000, 0x0000000100000000)
  eden space 62464K, 17% used [0x00000000d5580000,0x00000000d60584b8,0x00000000d9280000)
  from space 5632K, 99% used [0x00000000d9900000,0x00000000d9e7f848,0x00000000d9e80000)
  to   space 6656K, 0% used [0x00000000d9280000,0x00000000d9280000,0x00000000d9900000)
 ParOldGen       total 42496K, used 4919K [0x0000000080000000, 0x0000000082980000, 0x00000000d5580000)
  object space 42496K, 11% used [0x0000000080000000,0x00000000804cdf48,0x0000000082980000)
 Metaspace       used 16111K, capacity 16726K, committed 17024K, reserved 1064960K
  class space    used 2174K, capacity 2345K, committed 2432K, reserved 1048576K

Card table byte_map: [0x0000019e915d0000,0x0000019e919e0000] byte_map_base: 0x0000019e911d0000

Marking Bits: (ParMarkBitMap*) 0x0000000053a01820
 Begin Bits: [0x0000019e91c90000, 0x0000019e93c90000)
 End Bits:   [0x0000019e93c90000, 0x0000019e95c90000)

Polling page: 0x0000019e806e0000

CodeCache: size=245760Kb used=5509Kb max_used=5520Kb free=240250Kb
 bounds [0x0000019e82210000, 0x0000019e82780000, 0x0000019e91210000]
 total_blobs=1939 nmethods=1541 adapters=310
 compilation: enabled

Compilation events (10 events):
Event: 3.794 Thread 0x0000019e96fe8000 1537       3       sun.reflect.ReflectionFactory::copyConstructor (10 bytes)
Event: 3.794 Thread 0x0000019e96fe8000 nmethod 1537 0x0000019e82769190 code [0x0000019e82769320, 0x0000019e82769710]
Event: 3.794 Thread 0x0000019e96fe8000 1538       3       java.lang.reflect.ReflectAccess::copyConstructor (5 bytes)
Event: 3.794 Thread 0x0000019e96fe8000 nmethod 1538 0x0000019e82768d50 code [0x0000019e82768ec0, 0x0000019e827690d0]
Event: 3.795 Thread 0x0000019e96fe8000 1540       3       jdk.internal.org.objectweb.asm.MethodWriter::visitTypeInsn (110 bytes)
Event: 3.796 Thread 0x0000019e96fe8000 nmethod 1540 0x0000019e82768550 code [0x0000019e827686e0, 0x0000019e82768b10]
Event: 3.918 Thread 0x0000019e96fe8000 1541       3       com.google.common.collect.Hashing::smear (19 bytes)
Event: 3.918 Thread 0x0000019e96fe8000 nmethod 1541 0x0000019e82768190 code [0x0000019e827682e0, 0x0000019e827684b8]
Event: 3.929 Thread 0x0000019e96fe1800 1543       4       jdk.internal.org.objectweb.asm.Item::<init> (66 bytes)
Event: 3.930 Thread 0x0000019e96fe1800 nmethod 1543 0x0000019e82766a10 code [0x0000019e82766b40, 0x0000019e82766bf8]

GC Heap History (10 events):
Event: 1.219 GC heap before
{Heap before GC invocations=2 (full 0):
 PSYoungGen      total 18432K, used 18025K [0x00000000d5580000, 0x00000000d6a00000, 0x0000000100000000)
  eden space 15872K, 100% used [0x00000000d5580000,0x00000000d6500000,0x00000000d6500000)
  from space 2560K, 84% used [0x00000000d6500000,0x00000000d671a528,0x00000000d6780000)
  to   space 2560K, 0% used [0x00000000d6780000,0x00000000d6780000,0x00000000d6a00000)
 ParOldGen       total 42496K, used 8K [0x0000000080000000, 0x0000000082980000, 0x00000000d5580000)
  object space 42496K, 0% used [0x0000000080000000,0x0000000080002000,0x0000000082980000)
 Metaspace       used 7511K, capacity 7774K, committed 8064K, reserved 1056768K
  class space    used 947K, capacity 1037K, committed 1152K, reserved 1048576K
Event: 1.224 GC heap after
Heap after GC invocations=2 (full 0):
 PSYoungGen      total 18432K, used 2547K [0x00000000d5580000, 0x00000000d6a00000, 0x0000000100000000)
  eden space 15872K, 0% used [0x00000000d5580000,0x00000000d5580000,0x00000000d6500000)
  from space 2560K, 99% used [0x00000000d6780000,0x00000000d69fcc90,0x00000000d6a00000)
  to   space 2560K, 0% used [0x00000000d6500000,0x00000000d6500000,0x00000000d6780000)
 ParOldGen       total 42496K, used 1099K [0x0000000080000000, 0x0000000082980000, 0x00000000d5580000)
  object space 42496K, 2% used [0x0000000080000000,0x0000000080112e00,0x0000000082980000)
 Metaspace       used 7511K, capacity 7774K, committed 8064K, reserved 1056768K
  class space    used 947K, capacity 1037K, committed 1152K, reserved 1048576K
}
Event: 1.365 GC heap before
{Heap before GC invocations=3 (full 0):
 PSYoungGen      total 18432K, used 18419K [0x00000000d5580000, 0x00000000d6a00000, 0x0000000100000000)
  eden space 15872K, 100% used [0x00000000d5580000,0x00000000d6500000,0x00000000d6500000)
  from space 2560K, 99% used [0x00000000d6780000,0x00000000d69fcc90,0x00000000d6a00000)
  to   space 2560K, 0% used [0x00000000d6500000,0x00000000d6500000,0x00000000d6780000)
 ParOldGen       total 42496K, used 1099K [0x0000000080000000, 0x0000000082980000, 0x00000000d5580000)
  object space 42496K, 2% used [0x0000000080000000,0x0000000080112e00,0x0000000082980000)
 Metaspace       used 7554K, capacity 7774K, committed 8064K, reserved 1056768K
  class space    used 947K, capacity 1037K, committed 1152K, reserved 1048576K
Event: 1.368 GC heap after
Heap after GC invocations=3 (full 0):
 PSYoungGen      total 18432K, used 2336K [0x00000000d5580000, 0x00000000d7980000, 0x0000000100000000)
  eden space 15872K, 0% used [0x00000000d5580000,0x00000000d5580000,0x00000000d6500000)
  from space 2560K, 91% used [0x00000000d6500000,0x00000000d6748020,0x00000000d6780000)
  to   space 2560K, 0% used [0x00000000d7700000,0x00000000d7700000,0x00000000d7980000)
 ParOldGen       total 42496K, used 1107K [0x0000000080000000, 0x0000000082980000, 0x00000000d5580000)
  object space 42496K, 2% used [0x0000000080000000,0x0000000080114e00,0x0000000082980000)
 Metaspace       used 7554K, capacity 7774K, committed 8064K, reserved 1056768K
  class space    used 947K, capacity 1037K, committed 1152K, reserved 1048576K
}
Event: 1.498 GC heap before
{Heap before GC invocations=4 (full 0):
 PSYoungGen      total 18432K, used 18208K [0x00000000d5580000, 0x00000000d7980000, 0x0000000100000000)
  eden space 15872K, 100% used [0x00000000d5580000,0x00000000d6500000,0x00000000d6500000)
  from space 2560K, 91% used [0x00000000d6500000,0x00000000d6748020,0x00000000d6780000)
  to   space 2560K, 0% used [0x00000000d7700000,0x00000000d7700000,0x00000000d7980000)
 ParOldGen       total 42496K, used 1107K [0x0000000080000000, 0x0000000082980000, 0x00000000d5580000)
  object space 42496K, 2% used [0x0000000080000000,0x0000000080114e00,0x0000000082980000)
 Metaspace       used 7711K, capacity 7902K, committed 8064K, reserved 1056768K
  class space    used 962K, capacity 1037K, committed 1152K, reserved 1048576K
Event: 1.503 GC heap after
Heap after GC invocations=4 (full 0):
 PSYoungGen      total 34304K, used 2544K [0x00000000d5580000, 0x00000000d7980000, 0x0000000100000000)
  eden space 31744K, 0% used [0x00000000d5580000,0x00000000d5580000,0x00000000d7480000)
  from space 2560K, 99% used [0x00000000d7700000,0x00000000d797c010,0x00000000d7980000)
  to   space 2560K, 0% used [0x00000000d7480000,0x00000000d7480000,0x00000000d7700000)
 ParOldGen       total 42496K, used 1643K [0x0000000080000000, 0x0000000082980000, 0x00000000d5580000)
  object space 42496K, 3% used [0x0000000080000000,0x000000008019aee8,0x0000000082980000)
 Metaspace       used 7711K, capacity 7902K, committed 8064K, reserved 1056768K
  class space    used 962K, capacity 1037K, committed 1152K, reserved 1048576K
}
Event: 2.640 GC heap before
{Heap before GC invocations=5 (full 0):
 PSYoungGen      total 34304K, used 34288K [0x00000000d5580000, 0x00000000d7980000, 0x0000000100000000)
  eden space 31744K, 100% used [0x00000000d5580000,0x00000000d7480000,0x00000000d7480000)
  from space 2560K, 99% used [0x00000000d7700000,0x00000000d797c010,0x00000000d7980000)
  to   space 2560K, 0% used [0x00000000d7480000,0x00000000d7480000,0x00000000d7700000)
 ParOldGen       total 42496K, used 1643K [0x0000000080000000, 0x0000000082980000, 0x00000000d5580000)
  object space 42496K, 3% used [0x0000000080000000,0x000000008019aee8,0x0000000082980000)
 Metaspace       used 11222K, capacity 11530K, committed 11648K, reserved 1058816K
  class space    used 1523K, capacity 1607K, committed 1664K, reserved 1048576K
Event: 2.661 GC heap after
Heap after GC invocations=5 (full 0):
 PSYoungGen      total 34304K, used 2560K [0x00000000d5580000, 0x00000000d9e80000, 0x0000000100000000)
  eden space 31744K, 0% used [0x00000000d5580000,0x00000000d5580000,0x00000000d7480000)
  from space 2560K, 100% used [0x00000000d7480000,0x00000000d7700000,0x00000000d7700000)
  to   space 5632K, 0% used [0x00000000d9900000,0x00000000d9900000,0x00000000d9e80000)
 ParOldGen       total 42496K, used 4670K [0x0000000080000000, 0x0000000082980000, 0x00000000d5580000)
  object space 42496K, 10% used [0x0000000080000000,0x000000008048f8d8,0x0000000082980000)
 Metaspace       used 11222K, capacity 11530K, committed 11648K, reserved 1058816K
  class space    used 1523K, capacity 1607K, committed 1664K, reserved 1048576K
}
Event: 3.192 GC heap before
{Heap before GC invocations=6 (full 0):
 PSYoungGen      total 34304K, used 34304K [0x00000000d5580000, 0x00000000d9e80000, 0x0000000100000000)
  eden space 31744K, 100% used [0x00000000d5580000,0x00000000d7480000,0x00000000d7480000)
  from space 2560K, 100% used [0x00000000d7480000,0x00000000d7700000,0x00000000d7700000)
  to   space 5632K, 0% used [0x00000000d9900000,0x00000000d9900000,0x00000000d9e80000)
 ParOldGen       total 42496K, used 4670K [0x0000000080000000, 0x0000000082980000, 0x00000000d5580000)
  object space 42496K, 10% used [0x0000000080000000,0x000000008048f8d8,0x0000000082980000)
 Metaspace       used 14312K, capacity 14706K, committed 14976K, reserved 1062912K
  class space    used 2021K, capacity 2163K, committed 2176K, reserved 1048576K
Event: 3.206 GC heap after
Heap after GC invocations=6 (full 0):
 PSYoungGen      total 68096K, used 5630K [0x00000000d5580000, 0x00000000da080000, 0x0000000100000000)
  eden space 62464K, 0% used [0x00000000d5580000,0x00000000d5580000,0x00000000d9280000)
  from space 5632K, 99% used [0x00000000d9900000,0x00000000d9e7f848,0x00000000d9e80000)
  to   space 6656K, 0% used [0x00000000d9280000,0x00000000d9280000,0x00000000d9900000)
 ParOldGen       total 42496K, used 4919K [0x0000000080000000, 0x0000000082980000, 0x00000000d5580000)
  object space 42496K, 11% used [0x0000000080000000,0x00000000804cdf48,0x0000000082980000)
 Metaspace       used 14312K, capacity 14706K, committed 14976K, reserved 1062912K
  class space    used 2021K, capacity 2163K, committed 2176K, reserved 1048576K
}

Deoptimization events (10 events):
Event: 2.750 Thread 0x0000019e99898800 Uncommon trap: reason=bimorphic action=maybe_recompile pc=0x0000019e824c9ab0 method=java.util.HashMap.putVal(ILjava/lang/Object;Ljava/lang/Object;ZZ)Ljava/lang/Object; @ 253
Event: 2.750 Thread 0x0000019e99898800 Uncommon trap: reason=bimorphic action=maybe_recompile pc=0x0000019e824c9ab0 method=java.util.HashMap.putVal(ILjava/lang/Object;Ljava/lang/Object;ZZ)Ljava/lang/Object; @ 253
Event: 2.750 Thread 0x0000019e99898800 Uncommon trap: reason=bimorphic action=maybe_recompile pc=0x0000019e824c9ab0 method=java.util.HashMap.putVal(ILjava/lang/Object;Ljava/lang/Object;ZZ)Ljava/lang/Object; @ 253
Event: 2.750 Thread 0x0000019e99898800 Uncommon trap: reason=bimorphic action=maybe_recompile pc=0x0000019e824c9ab0 method=java.util.HashMap.putVal(ILjava/lang/Object;Ljava/lang/Object;ZZ)Ljava/lang/Object; @ 253
Event: 2.750 Thread 0x0000019e99898800 Uncommon trap: reason=bimorphic action=maybe_recompile pc=0x0000019e8262aca0 method=java.util.HashMap.putVal(ILjava/lang/Object;Ljava/lang/Object;ZZ)Ljava/lang/Object; @ 253
Event: 3.076 Thread 0x0000019e99898800 Uncommon trap: reason=class_check action=maybe_recompile pc=0x0000019e825618d8 method=java.util.regex.Matcher.match(II)Z @ 86
Event: 3.076 Thread 0x0000019e99898800 Uncommon trap: reason=class_check action=maybe_recompile pc=0x0000019e825618d8 method=java.util.regex.Matcher.match(II)Z @ 86
Event: 3.077 Thread 0x0000019e99898800 Uncommon trap: reason=class_check action=maybe_recompile pc=0x0000019e825618d8 method=java.util.regex.Matcher.match(II)Z @ 86
Event: 3.077 Thread 0x0000019e99898800 Uncommon trap: reason=class_check action=maybe_recompile pc=0x0000019e823de2c4 method=java.util.regex.Matcher.match(II)Z @ 86
Event: 3.534 Thread 0x0000019e99898800 Uncommon trap: reason=unstable_if action=reinterpret pc=0x0000019e8255bda4 method=java.io.File.getName()Ljava/lang/String; @ 16

Classes redefined (0 events):
No events

Internal exceptions (10 events):
Event: 2.699 Thread 0x0000019e97f31000 Exception <a 'java/lang/NoSuchMethodError': <clinit>> (0x00000000d5842e90) thrown at [C:\wsjdk\Corretto8Src\installers\windows\zip\corretto-build\buildRoot\src\hotspot\src\share\vm\prims\jni.cpp, line 1616]
Event: 2.700 Thread 0x0000019e97f31000 Exception <a 'java/lang/NoSuchMethodError': <clinit>> (0x00000000d584ba38) thrown at [C:\wsjdk\Corretto8Src\installers\windows\zip\corretto-build\buildRoot\src\hotspot\src\share\vm\prims\jni.cpp, line 1616]
Event: 2.705 Thread 0x0000019e97f31000 Exception <a 'java/lang/NoSuchMethodError': <clinit>> (0x00000000d5862128) thrown at [C:\wsjdk\Corretto8Src\installers\windows\zip\corretto-build\buildRoot\src\hotspot\src\share\vm\prims\jni.cpp, line 1616]
Event: 2.714 Thread 0x0000019e97f31000 Exception <a 'java/lang/NoSuchMethodError': <clinit>> (0x00000000d58dbb00) thrown at [C:\wsjdk\Corretto8Src\installers\windows\zip\corretto-build\buildRoot\src\hotspot\src\share\vm\prims\jni.cpp, line 1616]
Event: 2.720 Thread 0x0000019e97f31000 Exception <a 'java/lang/NoSuchMethodError': <clinit>> (0x00000000d590b490) thrown at [C:\wsjdk\Corretto8Src\installers\windows\zip\corretto-build\buildRoot\src\hotspot\src\share\vm\prims\jni.cpp, line 1616]
Event: 2.725 Thread 0x0000019e97f31000 Exception <a 'java/lang/NoSuchMethodError': <clinit>> (0x00000000d5939e10) thrown at [C:\wsjdk\Corretto8Src\installers\windows\zip\corretto-build\buildRoot\src\hotspot\src\share\vm\prims\jni.cpp, line 1616]
Event: 2.727 Thread 0x0000019e97f31000 Exception <a 'java/lang/NoSuchMethodError': <clinit>> (0x00000000d59462a0) thrown at [C:\wsjdk\Corretto8Src\installers\windows\zip\corretto-build\buildRoot\src\hotspot\src\share\vm\prims\jni.cpp, line 1616]
Event: 3.682 Thread 0x0000019e99898800 Exception <a 'java/lang/NoSuchMethodError': java.lang.Object.lambda$and$0(Ljava/util/function/Predicate;Ljava/lang/Object;)Z> (0x00000000d5e5c3a8) thrown at [C:\wsjdk\Corretto8Src\installers\windows\zip\corretto-build\buildRoot\src\hotspot\src\share\vm\in
Event: 3.797 Thread 0x0000019e99898800 Exception <a 'java/lang/IncompatibleClassChangeError': Found class java.lang.Object, but interface was expected> (0x00000000d5e6c630) thrown at [C:\wsjdk\Corretto8Src\installers\windows\zip\corretto-build\buildRoot\src\hotspot\src\share\vm\interpreter\lin
Event: 3.918 Thread 0x0000019e99898800 Exception <a 'java/lang/NoSuchMethodError': java.lang.Object.lambda$or$2(Ljava/util/function/Predicate;Ljava/lang/Object;)Z> (0x00000000d5e711e8) thrown at [C:\wsjdk\Corretto8Src\installers\windows\zip\corretto-build\buildRoot\src\hotspot\src\share\vm\int

Events (10 events):
Event: 3.928 loading class org/gradle/internal/watch/registry/FileWatcherRegistry$ChangeHandler
Event: 3.928 loading class org/gradle/internal/watch/registry/FileWatcherRegistry$ChangeHandler done
Event: 3.929 loading class org/gradle/internal/watch/vfs/impl/WatchingVirtualFileSystem
Event: 3.929 loading class org/gradle/internal/watch/vfs/impl/WatchingVirtualFileSystem done
Event: 3.930 loading class org/gradle/internal/watch/vfs/impl/NonWatchingVirtualFileSystem
Event: 3.930 loading class org/gradle/internal/watch/vfs/impl/NonWatchingVirtualFileSystem done
Event: 3.931 loading class org/gradle/internal/service/scopes/VirtualFileSystemBuildLifecycleListener
Event: 3.931 loading class org/gradle/internal/service/scopes/VirtualFileSystemBuildLifecycleListener done
Event: 3.932 loading class org/gradle/internal/classpath/DefaultCachedClasspathTransformer
Event: 3.932 loading class org/gradle/internal/classpath/DefaultCachedClasspathTransformer done


Dynamic libraries:
0x00007ff7abfa0000 - 0x00007ff7abfda000 	C:\Users\USER\.jdks\corretto-1.8.0_302\bin\java.exe
0x00007ffa46a10000 - 0x00007ffa46c05000 	C:\WINDOWS\SYSTEM32\ntdll.dll
0x00007ffa461a0000 - 0x00007ffa4625e000 	C:\WINDOWS\System32\KERNEL32.DLL
0x00007ffa44280000 - 0x00007ffa44549000 	C:\WINDOWS\System32\KERNELBASE.dll
0x00007ffa46470000 - 0x00007ffa4651c000 	C:\WINDOWS\System32\ADVAPI32.dll
0x00007ffa46100000 - 0x00007ffa4619e000 	C:\WINDOWS\System32\msvcrt.dll
0x00007ffa45f90000 - 0x00007ffa4602b000 	C:\WINDOWS\System32\sechost.dll
0x00007ffa45350000 - 0x00007ffa4547a000 	C:\WINDOWS\System32\RPCRT4.dll
0x00007ffa462c0000 - 0x00007ffa46461000 	C:\WINDOWS\System32\USER32.dll
0x00007ffa44840000 - 0x00007ffa44862000 	C:\WINDOWS\System32\win32u.dll
0x00007ffa46520000 - 0x00007ffa4654b000 	C:\WINDOWS\System32\GDI32.dll
0x00007ffa44550000 - 0x00007ffa4465b000 	C:\WINDOWS\System32\gdi32full.dll
0x00007ffa441e0000 - 0x00007ffa4427d000 	C:\WINDOWS\System32\msvcp_win.dll
0x00007ffa44870000 - 0x00007ffa44970000 	C:\WINDOWS\System32\ucrtbase.dll
0x00007ffa302c0000 - 0x00007ffa3055a000 	C:\WINDOWS\WinSxS\amd64_microsoft.windows.common-controls_6595b64144ccf1df_6.0.19041.1110_none_60b5254171f9507e\COMCTL32.dll
0x00007ffa45cf0000 - 0x00007ffa45d20000 	C:\WINDOWS\System32\IMM32.DLL
0x00007ffa0d9c0000 - 0x00007ffa0daaf000 	C:\Users\USER\.jdks\corretto-1.8.0_302\jre\bin\msvcr120.dll
0x00007ffa0d910000 - 0x00007ffa0d9b6000 	C:\Users\USER\.jdks\corretto-1.8.0_302\jre\bin\msvcp120.dll
0x0000000053210000 - 0x0000000053a80000 	C:\Users\USER\.jdks\corretto-1.8.0_302\jre\bin\server\jvm.dll
0x00007ffa45340000 - 0x00007ffa45348000 	C:\WINDOWS\System32\PSAPI.DLL
0x00007ffa30710000 - 0x00007ffa30737000 	C:\WINDOWS\SYSTEM32\WINMM.dll
0x00007ffa38380000 - 0x00007ffa3838a000 	C:\WINDOWS\SYSTEM32\VERSION.dll
0x00007ffa3fca0000 - 0x00007ffa3fca9000 	C:\WINDOWS\SYSTEM32\WSOCK32.dll
0x00007ffa46960000 - 0x00007ffa469cb000 	C:\WINDOWS\System32\WS2_32.dll
0x00007ffa41960000 - 0x00007ffa4196f000 	C:\Users\USER\.jdks\corretto-1.8.0_302\jre\bin\verify.dll
0x00007ffa27c60000 - 0x00007ffa27c89000 	C:\Users\USER\.jdks\corretto-1.8.0_302\jre\bin\java.dll
0x00007ffa3bda0000 - 0x00007ffa3bdb6000 	C:\Users\USER\.jdks\corretto-1.8.0_302\jre\bin\zip.dll
0x00007ffa455b0000 - 0x00007ffa45cef000 	C:\WINDOWS\System32\SHELL32.dll
0x00007ffa42230000 - 0x00007ffa429c0000 	C:\WINDOWS\SYSTEM32\windows.storage.dll
0x00007ffa46550000 - 0x00007ffa468a5000 	C:\WINDOWS\System32\combase.dll
0x00007ffa43b80000 - 0x00007ffa43bac000 	C:\WINDOWS\SYSTEM32\Wldp.dll
0x00007ffa45290000 - 0x00007ffa4533e000 	C:\WINDOWS\System32\SHCORE.dll
0x00007ffa44db0000 - 0x00007ffa44e05000 	C:\WINDOWS\System32\shlwapi.dll
0x00007ffa44070000 - 0x00007ffa4408f000 	C:\WINDOWS\SYSTEM32\profapi.dll
0x00007ffa23980000 - 0x00007ffa2399a000 	C:\Users\USER\.jdks\corretto-1.8.0_302\jre\bin\net.dll
0x00007ffa438e0000 - 0x00007ffa4394a000 	C:\WINDOWS\system32\mswsock.dll
0x00007ffa23960000 - 0x00007ffa23972000 	C:\Users\USER\.jdks\corretto-1.8.0_302\jre\bin\nio.dll
0x00007ffa3bdc0000 - 0x00007ffa3bde7000 	C:\Users\USER\.gradle\native\f6784746aeab05261644944871eae4fe03e0ef1612fff0a4a95f87b438bc6780\windows-amd64\native-platform.dll
0x00007ffa3fc90000 - 0x00007ffa3fc9d000 	C:\Users\USER\.jdks\corretto-1.8.0_302\jre\bin\management.dll
0x00007ffa43ae0000 - 0x00007ffa43af8000 	C:\WINDOWS\SYSTEM32\CRYPTSP.dll
0x00007ffa431f0000 - 0x00007ffa43224000 	C:\WINDOWS\system32\rsaenh.dll
0x00007ffa447c0000 - 0x00007ffa447e7000 	C:\WINDOWS\System32\bcrypt.dll
0x00007ffa43ff0000 - 0x00007ffa4401e000 	C:\WINDOWS\SYSTEM32\USERENV.dll
0x00007ffa44970000 - 0x00007ffa449f3000 	C:\WINDOWS\System32\bcryptprimitives.dll
0x00007ffa43ad0000 - 0x00007ffa43adc000 	C:\WINDOWS\SYSTEM32\CRYPTBASE.dll
0x00007ffa43580000 - 0x00007ffa435bb000 	C:\WINDOWS\SYSTEM32\IPHLPAPI.DLL
0x00007ffa45480000 - 0x00007ffa45488000 	C:\WINDOWS\System32\NSI.dll
0x00007ffa36210000 - 0x00007ffa36227000 	C:\WINDOWS\SYSTEM32\dhcpcsvc6.DLL
0x00007ffa33350000 - 0x00007ffa3336d000 	C:\WINDOWS\SYSTEM32\dhcpcsvc.DLL
0x00007ffa435c0000 - 0x00007ffa4368c000 	C:\WINDOWS\SYSTEM32\DNSAPI.dll
0x00007ffa36730000 - 0x00007ffa3673b000 	C:\WINDOWS\SYSTEM32\WINNSI.DLL

VM Arguments:
jvm_args: -Xmx2048m -Dfile.encoding=UTF-8 -Duser.country=PH -Duser.language=en -Duser.variant 
java_command: org.gradle.launcher.daemon.bootstrap.GradleDaemon 6.5
java_class_path (initial): C:\Users\USER\.gradle\wrapper\dists\gradle-6.5-bin\6nifqtx7604sqp1q6g8wikw7p\gradle-6.5\lib\gradle-launcher-6.5.jar
Launcher Type: SUN_STANDARD

Environment Variables:
PATH=C:\Windows\system32;C:\Windows;C:\Windows\System32\Wbem;C:\Windows\System32\WindowsPowerShell\v1.0\;C:\Windows\System32\OpenSSH\;C:\Program Files (x86)\NVIDIA Corporation\PhysX\Common;C:\Program Files\NVIDIA Corporation\NVIDIA NvDLISR;C:\WINDOWS\system32;C:\WINDOWS;C:\WINDOWS\System32\Wbem;C:\WINDOWS\System32\WindowsPowerShell\v1.0\;C:\WINDOWS\System32\OpenSSH\;C:\Users\USER\AppData\Local\Microsoft\WindowsApps;
USERNAME=USER
OS=Windows_NT
PROCESSOR_IDENTIFIER=Intel64 Family 6 Model 142 Stepping 12, GenuineIntel



---------------  S Y S T E M  ---------------

OS: Windows 10.0 , 64 bit Build 19041 (10.0.19041.1202)

CPU:total 4 (initial active 4) (2 cores per cpu, 2 threads per core) family 6 model 142 stepping 12, cmov, cx8, fxsr, mmx, sse, sse2, sse3, ssse3, sse4.1, sse4.2, popcnt, avx, avx2, aes, clmul, erms, 3dnowpref, lzcnt, ht, tsc, tscinvbit, bmi1, bmi2, adx

Memory: 4k page, physical 3986420k(375600k free), swap 6034420k(5632k free)

vm_info: OpenJDK 64-Bit Server VM (25.302-b08) for windows-amd64 JRE (1.8.0_302-b08), built on Jul 15 2021 19:37:21 by "Administrator" with MS VC++ 12.0 (VS2013)

time: Mon Oct 04 08:50:43 2021
timezone: SE Asia Standard Time
elapsed time: 3.938681 seconds (0d 0h 0m 3s)

