#
# There is insufficient memory for the Java Runtime Environment to continue.
# Native memory allocation (malloc) failed to allocate 1091568 bytes for Chunk::new
# Possible reasons:
#   The system is out of physical RAM or swap space
#   The process is running with CompressedOops enabled, and the Java Heap may be blocking the growth of the native heap
# Possible solutions:
#   Reduce memory load on the system
#   Increase physical memory or swap space
#   Check if swap backing store is full
#   Decrease Java heap size (-Xmx/-Xms)
#   Decrease number of Java threads
#   Decrease Java thread stack sizes (-Xss)
#   Set larger code cache with -XX:ReservedCodeCacheSize=
#   JVM is running with Unscaled Compressed Oops mode in which the Java heap is
#     placed in the first 4GB address space. The Java Heap base address is the
#     maximum limit for the native heap growth. Please use -XX:HeapBaseMinAddress
#     to set the Java Heap base and to place the Java Heap above 4GB virtual address.
# This output file may be truncated or incomplete.
#
#  Out of Memory Error (allocation.cpp:389), pid=140, tid=0x000000000000182c
#
# JRE version: OpenJDK Runtime Environment (8.0_302-b08) (build 1.8.0_302-b08)
# Java VM: OpenJDK 64-Bit Server VM (25.302-b08 mixed mode windows-amd64 compressed oops)
# Failed to write core dump. Minidumps are not enabled by default on client versions of Windows
#

---------------  T H R E A D  ---------------

Current thread (0x000001a005244000):  JavaThread "C2 CompilerThread0" daemon [_thread_in_native, id=6188, stack(0x0000001be7b00000,0x0000001be7c00000)]

Stack: [0x0000001be7b00000,0x0000001be7c00000]
[error occurred during error reporting (printing stack bounds), id 0xc0000005]

Native frames: (J=compiled Java code, j=interpreted, Vv=VM code, C=native code)


Current CompileTask:
C2:  20421 5460       4       sun.reflect.generics.parser.SignatureParser::parsePackageNameAndSimpleClassTypeSignature (139 bytes)


---------------  P R O C E S S  ---------------

Java Threads: ( => current thread )
  0x000001a006816800 JavaThread "Cache worker for Build Output Cleanup Cache (C:\Users\USER\Desktop\IbataanResponse\.gradle\buildOutputCleanup)" [_thread_blocked, id=8912, stack(0x0000001bf0e00000,0x0000001bf0f00000)]
  0x000001a00681e000 JavaThread "jar transforms Thread 117" [_thread_blocked, id=13064, stack(0x0000001bf0d00000,0x0000001bf0e00000)]
  0x000001a006816000 JavaThread "jar transforms Thread 116" [_thread_blocked, id=5076, stack(0x0000001bf0c00000,0x0000001bf0d00000)]
  0x000001a00681a000 JavaThread "jar transforms Thread 115" [_thread_blocked, id=9492, stack(0x0000001bf0b00000,0x0000001bf0c00000)]
  0x000001a00681d000 JavaThread "jar transforms Thread 114" [_thread_blocked, id=7472, stack(0x0000001bf0a00000,0x0000001bf0b00000)]
  0x000001a006815000 JavaThread "jar transforms Thread 113" [_thread_blocked, id=13800, stack(0x0000001bf0900000,0x0000001bf0a00000)]
  0x000001a00681b800 JavaThread "jar transforms Thread 112" [_thread_blocked, id=1760, stack(0x0000001bf0800000,0x0000001bf0900000)]
  0x000001a00681c000 JavaThread "jar transforms Thread 111" [_thread_blocked, id=12484, stack(0x0000001bf0700000,0x0000001bf0800000)]
  0x000001a006818800 JavaThread "jar transforms Thread 110" [_thread_blocked, id=6620, stack(0x0000001bf0600000,0x0000001bf0700000)]
  0x000001a00681a800 JavaThread "jar transforms Thread 109" [_thread_blocked, id=8380, stack(0x0000001bf0500000,0x0000001bf0600000)]
  0x000001a008304800 JavaThread "jar transforms Thread 108" [_thread_blocked, id=12412, stack(0x0000001bf0400000,0x0000001bf0500000)]
  0x000001a008303800 JavaThread "jar transforms Thread 107" [_thread_blocked, id=12800, stack(0x0000001bf0300000,0x0000001bf0400000)]
  0x000001a008303000 JavaThread "jar transforms Thread 106" [_thread_blocked, id=12964, stack(0x0000001bf0200000,0x0000001bf0300000)]
  0x000001a008302000 JavaThread "jar transforms Thread 105" [_thread_blocked, id=8236, stack(0x0000001bf0100000,0x0000001bf0200000)]
  0x000001a008301800 JavaThread "jar transforms Thread 104" [_thread_blocked, id=11896, stack(0x0000001bf0000000,0x0000001bf0100000)]
  0x000001a008305800 JavaThread "jar transforms Thread 103" [_thread_blocked, id=6612, stack(0x0000001beff00000,0x0000001bf0000000)]
  0x000001a0082f9800 JavaThread "jar transforms Thread 102" [_thread_blocked, id=13824, stack(0x0000001befe00000,0x0000001beff00000)]
  0x000001a008300800 JavaThread "jar transforms Thread 101" [_thread_blocked, id=9072, stack(0x0000001befd00000,0x0000001befe00000)]
  0x000001a0082fa800 JavaThread "jar transforms Thread 100" [_thread_blocked, id=6212, stack(0x0000001befc00000,0x0000001befd00000)]
  0x000001a008300000 JavaThread "jar transforms Thread 99" [_thread_blocked, id=3272, stack(0x0000001befb00000,0x0000001befc00000)]
  0x000001a0082ff000 JavaThread "jar transforms Thread 98" [_thread_blocked, id=6204, stack(0x0000001befa00000,0x0000001befb00000)]
  0x000001a0082fe000 JavaThread "jar transforms Thread 97" [_thread_blocked, id=8992, stack(0x0000001bef900000,0x0000001befa00000)]
  0x000001a0082fc000 JavaThread "jar transforms Thread 96" [_thread_blocked, id=6908, stack(0x0000001bef800000,0x0000001bef900000)]
  0x000001a0082fb000 JavaThread "jar transforms Thread 95" [_thread_blocked, id=14252, stack(0x0000001bef700000,0x0000001bef800000)]
  0x000001a0082f7000 JavaThread "jar transforms Thread 94" [_thread_blocked, id=6720, stack(0x0000001bef600000,0x0000001bef700000)]
  0x000001a0082fd800 JavaThread "jar transforms Thread 93" [_thread_blocked, id=13776, stack(0x0000001bef500000,0x0000001bef600000)]
  0x000001a0082fc800 JavaThread "jar transforms Thread 92" [_thread_blocked, id=5220, stack(0x0000001bef400000,0x0000001bef500000)]
  0x000001a0082f8000 JavaThread "jar transforms Thread 91" [_thread_blocked, id=6744, stack(0x0000001bef300000,0x0000001bef400000)]
  0x000001a0082f8800 JavaThread "jar transforms Thread 90" [_thread_blocked, id=456, stack(0x0000001bef200000,0x0000001bef300000)]
  0x000001a0082f6800 JavaThread "jar transforms Thread 89" [_thread_blocked, id=11564, stack(0x0000001bef100000,0x0000001bef200000)]
  0x000001a00afa8000 JavaThread "jar transforms Thread 88" [_thread_blocked, id=12468, stack(0x0000001bef000000,0x0000001bef100000)]
  0x000001a00afa5800 JavaThread "jar transforms Thread 87" [_thread_blocked, id=12532, stack(0x0000001beef00000,0x0000001bef000000)]
  0x000001a00afa6800 JavaThread "jar transforms Thread 86" [_thread_blocked, id=12148, stack(0x0000001beee00000,0x0000001beef00000)]
  0x000001a00afa7000 JavaThread "jar transforms Thread 85" [_thread_blocked, id=480, stack(0x0000001beed00000,0x0000001beee00000)]
  0x000001a00afa3800 JavaThread "jar transforms Thread 84" [_thread_blocked, id=4568, stack(0x0000001beec00000,0x0000001beed00000)]
  0x000001a00afa2800 JavaThread "jar transforms Thread 83" [_thread_blocked, id=9264, stack(0x0000001beeb00000,0x0000001beec00000)]
  0x000001a00afa5000 JavaThread "jar transforms Thread 82" [_thread_blocked, id=6008, stack(0x0000001beea00000,0x0000001beeb00000)]
  0x000001a00afa4000 JavaThread "jar transforms Thread 81" [_thread_blocked, id=13464, stack(0x0000001bee900000,0x0000001beea00000)]
  0x000001a00af9a800 JavaThread "jar transforms Thread 80" [_thread_blocked, id=13156, stack(0x0000001bee800000,0x0000001bee900000)]
  0x000001a00afa1800 JavaThread "jar transforms Thread 79" [_thread_blocked, id=2584, stack(0x0000001bee700000,0x0000001bee800000)]
  0x000001a00af9a000 JavaThread "jar transforms Thread 78" [_thread_blocked, id=4016, stack(0x0000001bee600000,0x0000001bee700000)]
  0x000001a00af9c800 JavaThread "jar transforms Thread 77" [_thread_blocked, id=13168, stack(0x0000001bee500000,0x0000001bee600000)]
  0x000001a00af9b800 JavaThread "jar transforms Thread 76" [_thread_blocked, id=12740, stack(0x0000001bee400000,0x0000001bee500000)]
  0x000001a00afa1000 JavaThread "jar transforms Thread 75" [_thread_blocked, id=11552, stack(0x0000001bee300000,0x0000001bee400000)]
  0x000001a00afa0000 JavaThread "jar transforms Thread 74" [_thread_blocked, id=13244, stack(0x0000001bee200000,0x0000001bee300000)]
  0x000001a00af9d000 JavaThread "jar transforms Thread 73" [_thread_blocked, id=14240, stack(0x0000001bee100000,0x0000001bee200000)]
  0x000001a00af9e800 JavaThread "jar transforms Thread 72" [_thread_blocked, id=12032, stack(0x0000001bee000000,0x0000001bee100000)]
  0x000001a00af9f800 JavaThread "jar transforms Thread 71" [_thread_blocked, id=14312, stack(0x0000001bedf00000,0x0000001bee000000)]
  0x000001a00af9e000 JavaThread "jar transforms Thread 70" [_thread_blocked, id=13184, stack(0x0000001bede00000,0x0000001bedf00000)]
  0x000001a00af99000 JavaThread "jar transforms Thread 69" [_thread_blocked, id=13084, stack(0x0000001bedd00000,0x0000001bede00000)]
  0x000001a0099a5000 JavaThread "jar transforms Thread 68" [_thread_blocked, id=12788, stack(0x0000001bedc00000,0x0000001bedd00000)]
  0x000001a00999d800 JavaThread "jar transforms Thread 67" [_thread_blocked, id=14028, stack(0x0000001bedb00000,0x0000001bedc00000)]
  0x000001a0099a4800 JavaThread "jar transforms Thread 66" [_thread_blocked, id=8948, stack(0x0000001beda00000,0x0000001bedb00000)]
  0x000001a00999c800 JavaThread "jar transforms Thread 65" [_thread_blocked, id=9228, stack(0x0000001bed900000,0x0000001beda00000)]
  0x000001a0099a3800 JavaThread "jar transforms Thread 64" [_thread_blocked, id=6452, stack(0x0000001bed800000,0x0000001bed900000)]
  0x000001a00999c000 JavaThread "jar transforms Thread 63" [_thread_blocked, id=6520, stack(0x0000001bed700000,0x0000001bed800000)]
  0x000001a0099a3000 JavaThread "jar transforms Thread 62" [_thread_blocked, id=9168, stack(0x0000001bed600000,0x0000001bed700000)]
  0x000001a00999b000 JavaThread "jar transforms Thread 61" [_thread_blocked, id=8300, stack(0x0000001bed500000,0x0000001bed600000)]
  0x000001a0099a1000 JavaThread "jar transforms Thread 60" [_thread_blocked, id=11040, stack(0x0000001bed400000,0x0000001bed500000)]
  0x000001a00999f800 JavaThread "jar transforms Thread 59" [_thread_blocked, id=4488, stack(0x0000001bed300000,0x0000001bed400000)]
  0x000001a00999f000 JavaThread "jar transforms Thread 58" [_thread_blocked, id=8688, stack(0x0000001bed200000,0x0000001bed300000)]
  0x000001a0099a0800 JavaThread "jar transforms Thread 57" [_thread_blocked, id=6752, stack(0x0000001bed100000,0x0000001bed200000)]
  0x000001a00999e000 JavaThread "jar transforms Thread 56" [_thread_blocked, id=10488, stack(0x0000001bed000000,0x0000001bed100000)]
  0x000001a0099a2000 JavaThread "jar transforms Thread 55" [_thread_blocked, id=6404, stack(0x0000001becf00000,0x0000001bed000000)]
  0x000001a009997000 JavaThread "jar transforms Thread 54" [_thread_blocked, id=6692, stack(0x0000001bece00000,0x0000001becf00000)]
  0x000001a009999800 JavaThread "jar transforms Thread 53" [_thread_blocked, id=8140, stack(0x0000001becd00000,0x0000001bece00000)]
  0x000001a009996800 JavaThread "jar transforms Thread 52" [_thread_blocked, id=7980, stack(0x0000001becc00000,0x0000001becd00000)]
  0x000001a00999a000 JavaThread "jar transforms Thread 51" [_thread_blocked, id=7056, stack(0x0000001becb00000,0x0000001becc00000)]
  0x000001a009998000 JavaThread "jar transforms Thread 50" [_thread_blocked, id=8496, stack(0x0000001beca00000,0x0000001becb00000)]
  0x000001a009998800 JavaThread "jar transforms Thread 49" [_thread_blocked, id=11828, stack(0x0000001bec900000,0x0000001beca00000)]
  0x000001a00b5b8000 JavaThread "jar transforms Thread 48" [_thread_blocked, id=852, stack(0x0000001bec800000,0x0000001bec900000)]
  0x000001a00b5ba000 JavaThread "jar transforms Thread 47" [_thread_blocked, id=13412, stack(0x0000001bec700000,0x0000001bec800000)]
  0x000001a00b5b7000 JavaThread "jar transforms Thread 46" [_thread_blocked, id=1412, stack(0x0000001bec600000,0x0000001bec700000)]
  0x000001a00b5b9800 JavaThread "jar transforms Thread 45" [_thread_blocked, id=11668, stack(0x0000001bec500000,0x0000001bec600000)]
  0x000001a00b5b6800 JavaThread "jar transforms Thread 44" [_thread_blocked, id=8348, stack(0x0000001bec400000,0x0000001bec500000)]
  0x000001a00b5b8800 JavaThread "jar transforms Thread 43" [_thread_blocked, id=13964, stack(0x0000001bec300000,0x0000001bec400000)]
  0x000001a00b5b5800 JavaThread "jar transforms Thread 42" [_thread_blocked, id=11452, stack(0x0000001bec200000,0x0000001bec300000)]
  0x000001a00b5ad800 JavaThread "jar transforms Thread 41" [_thread_blocked, id=7092, stack(0x0000001bec100000,0x0000001bec200000)]
  0x000001a00b5b4800 JavaThread "jar transforms Thread 40" [_thread_blocked, id=8552, stack(0x0000001bec000000,0x0000001bec100000)]
  0x000001a00b5b4000 JavaThread "jar transforms Thread 39" [_thread_blocked, id=11128, stack(0x0000001bebf00000,0x0000001bec000000)]
  0x000001a00b5ad000 JavaThread "jar transforms Thread 38" [_thread_blocked, id=6516, stack(0x0000001bebe00000,0x0000001bebf00000)]
  0x000001a00b5b3000 JavaThread "jar transforms Thread 37" [_thread_blocked, id=11116, stack(0x0000001bebd00000,0x0000001bebe00000)]
  0x000001a00b5ab800 JavaThread "jar transforms Thread 36" [_thread_blocked, id=8112, stack(0x0000001bebc00000,0x0000001bebd00000)]
  0x000001a00b5b2800 JavaThread "jar transforms Thread 35" [_thread_blocked, id=5268, stack(0x0000001bebb00000,0x0000001bebc00000)]
  0x000001a00b5b1000 JavaThread "jar transforms Thread 34" [_thread_blocked, id=10084, stack(0x0000001beba00000,0x0000001bebb00000)]
  0x000001a00b5ac000 JavaThread "jar transforms Thread 33" [_thread_blocked, id=10704, stack(0x0000001beb900000,0x0000001beba00000)]
  0x000001a00b5b0000 JavaThread "jar transforms Thread 32" [_thread_blocked, id=7760, stack(0x0000001beb800000,0x0000001beb900000)]
  0x000001a00b5ae800 JavaThread "jar transforms Thread 31" [_thread_blocked, id=9180, stack(0x0000001beb700000,0x0000001beb800000)]
  0x000001a00b5af000 JavaThread "jar transforms Thread 30" [_thread_blocked, id=8856, stack(0x0000001beb600000,0x0000001beb700000)]
  0x000001a00b5b1800 JavaThread "jar transforms Thread 29" [_thread_blocked, id=13372, stack(0x0000001beb500000,0x0000001beb600000)]
  0x000001a006250000 JavaThread "jar transforms Thread 28" [_thread_blocked, id=11000, stack(0x0000001beb400000,0x0000001beb500000)]
  0x000001a00624d800 JavaThread "jar transforms Thread 27" [_thread_blocked, id=10204, stack(0x0000001beb300000,0x0000001beb400000)]
  0x000001a00624d000 JavaThread "jar transforms Thread 26" [_thread_blocked, id=5592, stack(0x0000001beb200000,0x0000001beb300000)]
  0x000001a00624f000 JavaThread "jar transforms Thread 25" [_thread_blocked, id=11816, stack(0x0000001beb100000,0x0000001beb200000)]
  0x000001a00624e800 JavaThread "jar transforms Thread 24" [_thread_blocked, id=3320, stack(0x0000001beb000000,0x0000001beb100000)]
  0x000001a00624c000 JavaThread "jar transforms Thread 23" [_thread_blocked, id=6052, stack(0x0000001beaf00000,0x0000001beb000000)]
  0x000001a00624b000 JavaThread "jar transforms Thread 22" [_thread_blocked, id=5692, stack(0x0000001beae00000,0x0000001beaf00000)]
  0x000001a006243800 JavaThread "jar transforms Thread 21" [_thread_blocked, id=2952, stack(0x0000001bead00000,0x0000001beae00000)]
  0x000001a00624a800 JavaThread "jar transforms Thread 20" [_thread_blocked, id=10640, stack(0x0000001beac00000,0x0000001bead00000)]
  0x000001a006242800 JavaThread "jar transforms Thread 19" [_thread_blocked, id=9964, stack(0x0000001beab00000,0x0000001beac00000)]
  0x000001a006249800 JavaThread "jar transforms Thread 18" [_thread_blocked, id=14172, stack(0x0000001beaa00000,0x0000001beab00000)]
  0x000001a006249000 JavaThread "jar transforms Thread 17" [_thread_blocked, id=9664, stack(0x0000001bea900000,0x0000001beaa00000)]
  0x000001a006242000 JavaThread "jar transforms Thread 16" [_thread_blocked, id=12300, stack(0x0000001bea800000,0x0000001bea900000)]
  0x000001a006241000 JavaThread "jar transforms Thread 15" [_thread_blocked, id=7436, stack(0x0000001bea700000,0x0000001bea800000)]
  0x000001a006248000 JavaThread "jar transforms Thread 14" [_thread_blocked, id=5080, stack(0x0000001bea600000,0x0000001bea700000)]
  0x000001a006247800 JavaThread "jar transforms Thread 13" [_thread_blocked, id=2392, stack(0x0000001bea500000,0x0000001bea600000)]
  0x000001a006246800 JavaThread "jar transforms Thread 12" [_thread_blocked, id=12328, stack(0x0000001bea400000,0x0000001bea500000)]
  0x000001a006245800 JavaThread "jar transforms Thread 11" [_thread_blocked, id=9816, stack(0x0000001bea300000,0x0000001bea400000)]
  0x000001a006245000 JavaThread "jar transforms Thread 10" [_thread_blocked, id=2424, stack(0x0000001bea200000,0x0000001bea300000)]
  0x000001a006244000 JavaThread "jar transforms Thread 9" [_thread_blocked, id=13176, stack(0x0000001bea100000,0x0000001bea200000)]
  0x000001a009753000 JavaThread "jar transforms Thread 8" [_thread_blocked, id=8424, stack(0x0000001bea000000,0x0000001bea100000)]
  0x000001a009757000 JavaThread "jar transforms Thread 7" [_thread_blocked, id=9840, stack(0x0000001be9f00000,0x0000001bea000000)]
  0x000001a009752800 JavaThread "jar transforms Thread 6" [_thread_blocked, id=996, stack(0x0000001be9e00000,0x0000001be9f00000)]
  0x000001a009756800 JavaThread "jar transforms Thread 5" [_thread_blocked, id=10500, stack(0x0000001be9d00000,0x0000001be9e00000)]
  0x000001a009751800 JavaThread "jar transforms Thread 4" [_thread_blocked, id=14080, stack(0x0000001be9c00000,0x0000001be9d00000)]
  0x000001a00974f000 JavaThread "jar transforms Thread 3" [_thread_blocked, id=5700, stack(0x0000001be9b00000,0x0000001be9c00000)]
  0x000001a009754800 JavaThread "jar transforms Thread 2" [_thread_blocked, id=14048, stack(0x0000001be9a00000,0x0000001be9b00000)]
  0x000001a009751000 JavaThread "Build operations Thread 4" [_thread_blocked, id=13820, stack(0x0000001be9900000,0x0000001be9a00000)]
  0x000001a009750000 JavaThread "Build operations Thread 3" [_thread_blocked, id=4080, stack(0x0000001be9800000,0x0000001be9900000)]
  0x000001a009755800 JavaThread "Build operations Thread 2" [_thread_blocked, id=2756, stack(0x0000001be9700000,0x0000001be9800000)]
  0x000001a009754000 JavaThread "Build operations" [_thread_blocked, id=6328, stack(0x0000001be9600000,0x0000001be9700000)]
  0x000001a00974d000 JavaThread "Cache worker for file content cache (C:\Users\USER\.gradle\caches\6.5\fileContent)" [_thread_blocked, id=5532, stack(0x0000001be9500000,0x0000001be9600000)]
  0x000001a00974b800 JavaThread "jar transforms" [_thread_blocked, id=10888, stack(0x0000001be9400000,0x0000001be9500000)]
  0x000001a00974d800 JavaThread "Cache worker for execution history cache (C:\Users\USER\.gradle\caches\6.5\executionHistory)" [_thread_blocked, id=9096, stack(0x0000001be9300000,0x0000001be9400000)]
  0x000001a00974a800 JavaThread "Cache worker for cache directory md-rule (C:\Users\USER\.gradle\caches\6.5\md-rule)" [_thread_blocked, id=7224, stack(0x0000001be9200000,0x0000001be9300000)]
  0x000001a00974c000 JavaThread "Cache worker for cache directory md-supplier (C:\Users\USER\.gradle\caches\6.5\md-supplier)" [_thread_blocked, id=6268, stack(0x0000001be9100000,0x0000001be9200000)]
  0x000001a009749800 JavaThread "Cache worker for checksums cache (C:\Users\USER\Desktop\IbataanResponse\.gradle\checksums)" [_thread_blocked, id=9692, stack(0x0000001be9000000,0x0000001be9100000)]
  0x000001a009749000 JavaThread "Cache worker for file hash cache (C:\Users\USER\Desktop\IbataanResponse\.gradle\6.5\fileHashes)" [_thread_blocked, id=11112, stack(0x0000001be8f00000,0x0000001be9000000)]
  0x000001a007997800 JavaThread "Cache worker for file hash cache (C:\Users\USER\.gradle\caches\6.5\fileHashes)" [_thread_blocked, id=1560, stack(0x0000001be8e00000,0x0000001be8f00000)]
  0x000001a007997000 JavaThread "File lock request listener" [_thread_in_native, id=8508, stack(0x0000001be8d00000,0x0000001be8e00000)]
  0x000001a00799c800 JavaThread "Cache worker for journal cache (C:\Users\USER\.gradle\caches\journal-1)" [_thread_blocked, id=2212, stack(0x0000001be8c00000,0x0000001be8d00000)]
  0x000001a00799b800 JavaThread "Thread-9" [_thread_blocked, id=12796, stack(0x0000001be8b00000,0x0000001be8c00000)]
  0x000001a00799a800 JavaThread "Stdin handler" [_thread_blocked, id=11688, stack(0x0000001be8a00000,0x0000001be8b00000)]
  0x000001a00799a000 JavaThread "Asynchronous log dispatcher for DefaultDaemonConnection: socket connection from /127.0.0.1:52626 to /127.0.0.1:52627" [_thread_blocked, id=4356, stack(0x0000001be8900000,0x0000001be8a00000)]
  0x000001a007995800 JavaThread "Daemon worker" [_thread_in_Java, id=7812, stack(0x0000001be8800000,0x0000001be8900000)]
  0x000001a007996000 JavaThread "Cancel handler" [_thread_blocked, id=11496, stack(0x0000001be8700000,0x0000001be8800000)]
  0x000001a007998800 JavaThread "Handler for socket connection from /127.0.0.1:52626 to /127.0.0.1:52627" [_thread_in_native, id=10244, stack(0x0000001be8600000,0x0000001be8700000)]
  0x000001a007999000 JavaThread "Daemon" [_thread_blocked, id=6428, stack(0x0000001be8500000,0x0000001be8600000)]
  0x000001a007975800 JavaThread "Daemon periodic checks" [_thread_blocked, id=2252, stack(0x0000001be8400000,0x0000001be8500000)]
  0x000001a007971800 JavaThread "Incoming local TCP Connector on port 52626" [_thread_in_native, id=504, stack(0x0000001be8300000,0x0000001be8400000)]
  0x000001a00791a800 JavaThread "Daemon health stats" [_thread_blocked, id=9860, stack(0x0000001be8000000,0x0000001be8100000)]
  0x000001a0052a1800 JavaThread "Service Thread" daemon [_thread_blocked, id=2764, stack(0x0000001be7e00000,0x0000001be7f00000)]
  0x000001a00529a800 JavaThread "C1 CompilerThread2" daemon [_thread_in_native, id=10716, stack(0x0000001be7d00000,0x0000001be7e00000)]
  0x000001a00525d000 JavaThread "C2 CompilerThread1" daemon [_thread_in_native, id=2864, stack(0x0000001be7c00000,0x0000001be7d00000)]
=>0x000001a005244000 JavaThread "C2 CompilerThread0" daemon [_thread_in_native, id=6188, stack(0x0000001be7b00000,0x0000001be7c00000)]
  0x000001a00523e800 JavaThread "Attach Listener" daemon [_thread_blocked, id=6924, stack(0x0000001be7a00000,0x0000001be7b00000)]
  0x000001a005239000 JavaThread "Signal Dispatcher" daemon [_thread_blocked, id=13104, stack(0x0000001be7900000,0x0000001be7a00000)]
  0x000001a07fe29000 JavaThread "Finalizer" daemon [_thread_blocked, id=12872, stack(0x0000001be7700000,0x0000001be7800000)]
  0x000001a005215800 JavaThread "Reference Handler" daemon [_thread_blocked, id=6984, stack(0x0000001be7600000,0x0000001be7700000)]
  0x000001a06e825800 JavaThread "main" [_thread_blocked, id=8188, stack(0x0000001be7000000,0x0000001be7100000)]

Other Threads:
  0x000001a0051f1800 VMThread [stack: 0x0000001be7500000,0x0000001be7600000] [id=13932]
  0x000001a0052a6000 WatcherThread [stack: 0x0000001be7f00000,0x0000001be8000000] [id=7568]

VM state:not at safepoint (normal execution)

VM Mutex/Monitor currently owned by a thread: None

heap address: 0x0000000080000000, size: 2048 MB, Compressed Oops mode: 32-bit
Narrow klass base: 0x0000000000000000, Narrow klass shift: 3
Compressed class space size: 1073741824 Address: 0x0000000100000000

Heap:
 PSYoungGen      total 235008K, used 24806K [0x00000000d5580000, 0x00000000eb280000, 0x0000000100000000)
  eden space 214528K, 11% used [0x00000000d5580000,0x00000000d6db9ab0,0x00000000e2700000)
  from space 20480K, 0% used [0x00000000e2700000,0x00000000e2700000,0x00000000e3b00000)
  to   space 19968K, 0% used [0x00000000e9f00000,0x00000000e9f00000,0x00000000eb280000)
 ParOldGen       total 81920K, used 34136K [0x0000000080000000, 0x0000000085000000, 0x00000000d5580000)
  object space 81920K, 41% used [0x0000000080000000,0x0000000082156338,0x0000000085000000)
 Metaspace       used 58506K, capacity 60776K, committed 61056K, reserved 1101824K
  class space    used 8088K, capacity 8524K, committed 8576K, reserved 1048576K

Card table byte_map: [0x000001a07f670000,0x000001a07fa80000] byte_map_base: 0x000001a07f270000

Marking Bits: (ParMarkBitMap*) 0x0000000051631820
 Begin Bits: [0x000001a000000000, 0x000001a002000000)
 End Bits:   [0x000001a002000000, 0x000001a004000000)

Polling page: 0x000001a06ea10000

CodeCache: size=245760Kb used=17828Kb max_used=17828Kb free=227932Kb
 bounds [0x000001a0702b0000, 0x000001a071430000, 0x000001a07f2b0000]
 total_blobs=5864 nmethods=5093 adapters=682
 compilation: enabled

Compilation events (10 events):
Event: 20.411 Thread 0x000001a00529a800 nmethod 5562 0x000001a071409ad0 code [0x000001a071409c60, 0x000001a07140a090]
Event: 20.411 Thread 0x000001a00529a800 5564       3       kotlin.collections.CollectionsKt___CollectionsKt::joinToString (73 bytes)
Event: 20.412 Thread 0x000001a00529a800 nmethod 5564 0x000001a07140fad0 code [0x000001a07140fd00, 0x000001a0714107c0]
Event: 20.413 Thread 0x000001a00525d000 5565       4       org.objectweb.asm.Type::getTypeInternal (199 bytes)
Event: 20.413 Thread 0x000001a00529a800 5566       3       org.gradle.internal.instantiation.generator.AsmBackedClassGenerator$ClassBuilderImpl::addSetter (50 bytes)
Event: 20.413 Thread 0x000001a00529a800 nmethod 5566 0x000001a071411050 code [0x000001a071411200, 0x000001a071411820]
Event: 20.415 Thread 0x000001a00529a800 5567       3       org.gradle.internal.event.DefaultListenerManager$EventBroadcast::getDispatch (16 bytes)
Event: 20.416 Thread 0x000001a00529a800 nmethod 5567 0x000001a071411a10 code [0x000001a071411b60, 0x000001a071411d18]
Event: 20.417 Thread 0x000001a00525d000 nmethod 5565 0x000001a071413010 code [0x000001a0714133a0, 0x000001a071413708]
Event: 20.417 Thread 0x000001a00529a800 5568       3       kotlin.collections.CollectionsKt___CollectionsKt::drop (312 bytes)

GC Heap History (10 events):
Event: 10.040 GC heap before
{Heap before GC invocations=12 (full 2):
 PSYoungGen      total 181248K, used 8676K [0x00000000d5580000, 0x00000000e1c00000, 0x0000000100000000)
  eden space 168960K, 0% used [0x00000000d5580000,0x00000000d5580000,0x00000000dfa80000)
  from space 12288K, 70% used [0x00000000e0700000,0x00000000e0f791f0,0x00000000e1300000)
  to   space 12800K, 0% used [0x00000000dfa80000,0x00000000dfa80000,0x00000000e0700000)
 ParOldGen       total 34816K, used 14056K [0x0000000080000000, 0x0000000082200000, 0x00000000d5580000)
  object space 34816K, 40% used [0x0000000080000000,0x0000000080dba1e8,0x0000000082200000)
 Metaspace       used 34381K, capacity 35444K, committed 35496K, reserved 1079296K
  class space    used 4843K, capacity 5097K, committed 5120K, reserved 1048576K
Event: 10.149 GC heap after
Heap after GC invocations=12 (full 2):
 PSYoungGen      total 181248K, used 0K [0x00000000d5580000, 0x00000000e1c00000, 0x0000000100000000)
  eden space 168960K, 0% used [0x00000000d5580000,0x00000000d5580000,0x00000000dfa80000)
  from space 12288K, 0% used [0x00000000e0700000,0x00000000e0700000,0x00000000e1300000)
  to   space 12800K, 0% used [0x00000000dfa80000,0x00000000dfa80000,0x00000000e0700000)
 ParOldGen       total 51712K, used 15158K [0x0000000080000000, 0x0000000083280000, 0x00000000d5580000)
  object space 51712K, 29% used [0x0000000080000000,0x0000000080ecd908,0x0000000083280000)
 Metaspace       used 34381K, capacity 35444K, committed 35496K, reserved 1079296K
  class space    used 4843K, capacity 5097K, committed 5120K, reserved 1048576K
}
Event: 15.091 GC heap before
{Heap before GC invocations=13 (full 2):
 PSYoungGen      total 181248K, used 168960K [0x00000000d5580000, 0x00000000e1c00000, 0x0000000100000000)
  eden space 168960K, 100% used [0x00000000d5580000,0x00000000dfa80000,0x00000000dfa80000)
  from space 12288K, 0% used [0x00000000e0700000,0x00000000e0700000,0x00000000e1300000)
  to   space 12800K, 0% used [0x00000000dfa80000,0x00000000dfa80000,0x00000000e0700000)
 ParOldGen       total 51712K, used 15158K [0x0000000080000000, 0x0000000083280000, 0x00000000d5580000)
  object space 51712K, 29% used [0x0000000080000000,0x0000000080ecd908,0x0000000083280000)
 Metaspace       used 41212K, capacity 43038K, committed 43264K, reserved 1087488K
  class space    used 5759K, capacity 6133K, committed 6144K, reserved 1048576K
Event: 15.115 GC heap after
Heap after GC invocations=13 (full 2):
 PSYoungGen      total 181760K, used 11421K [0x00000000d5580000, 0x00000000e4900000, 0x0000000100000000)
  eden space 168960K, 0% used [0x00000000d5580000,0x00000000d5580000,0x00000000dfa80000)
  from space 12800K, 89% used [0x00000000dfa80000,0x00000000e05a7710,0x00000000e0700000)
  to   space 14336K, 0% used [0x00000000e3b00000,0x00000000e3b00000,0x00000000e4900000)
 ParOldGen       total 51712K, used 15166K [0x0000000080000000, 0x0000000083280000, 0x00000000d5580000)
  object space 51712K, 29% used [0x0000000080000000,0x0000000080ecf908,0x0000000083280000)
 Metaspace       used 41212K, capacity 43038K, committed 43264K, reserved 1087488K
  class space    used 5759K, capacity 6133K, committed 6144K, reserved 1048576K
}
Event: 18.547 GC heap before
{Heap before GC invocations=14 (full 2):
 PSYoungGen      total 181760K, used 180381K [0x00000000d5580000, 0x00000000e4900000, 0x0000000100000000)
  eden space 168960K, 100% used [0x00000000d5580000,0x00000000dfa80000,0x00000000dfa80000)
  from space 12800K, 89% used [0x00000000dfa80000,0x00000000e05a7710,0x00000000e0700000)
  to   space 14336K, 0% used [0x00000000e3b00000,0x00000000e3b00000,0x00000000e4900000)
 ParOldGen       total 51712K, used 15166K [0x0000000080000000, 0x0000000083280000, 0x00000000d5580000)
  object space 51712K, 29% used [0x0000000080000000,0x0000000080ecf908,0x0000000083280000)
 Metaspace       used 53966K, capacity 56066K, committed 56192K, reserved 1097728K
  class space    used 7317K, capacity 7756K, committed 7808K, reserved 1048576K
Event: 18.597 GC heap after
Heap after GC invocations=14 (full 2):
 PSYoungGen      total 228864K, used 14318K [0x00000000d5580000, 0x00000000e5300000, 0x0000000100000000)
  eden space 214528K, 0% used [0x00000000d5580000,0x00000000d5580000,0x00000000e2700000)
  from space 14336K, 99% used [0x00000000e3b00000,0x00000000e48fb8a8,0x00000000e4900000)
  to   space 20480K, 0% used [0x00000000e2700000,0x00000000e2700000,0x00000000e3b00000)
 ParOldGen       total 51712K, used 26250K [0x0000000080000000, 0x0000000083280000, 0x00000000d5580000)
  object space 51712K, 50% used [0x0000000080000000,0x00000000819a2808,0x0000000083280000)
 Metaspace       used 53966K, capacity 56066K, committed 56192K, reserved 1097728K
  class space    used 7317K, capacity 7756K, committed 7808K, reserved 1048576K
}
Event: 19.339 GC heap before
{Heap before GC invocations=15 (full 2):
 PSYoungGen      total 228864K, used 49556K [0x00000000d5580000, 0x00000000e5300000, 0x0000000100000000)
  eden space 214528K, 16% used [0x00000000d5580000,0x00000000d77e98f8,0x00000000e2700000)
  from space 14336K, 99% used [0x00000000e3b00000,0x00000000e48fb8a8,0x00000000e4900000)
  to   space 20480K, 0% used [0x00000000e2700000,0x00000000e2700000,0x00000000e3b00000)
 ParOldGen       total 51712K, used 26250K [0x0000000080000000, 0x0000000083280000, 0x00000000d5580000)
  object space 51712K, 50% used [0x0000000080000000,0x00000000819a2808,0x0000000083280000)
 Metaspace       used 56885K, capacity 59042K, committed 59160K, reserved 1099776K
  class space    used 7803K, capacity 8262K, committed 8320K, reserved 1048576K
Event: 19.603 GC heap after
Heap after GC invocations=15 (full 2):
 PSYoungGen      total 235008K, used 4681K [0x00000000d5580000, 0x00000000eb280000, 0x0000000100000000)
  eden space 214528K, 0% used [0x00000000d5580000,0x00000000d5580000,0x00000000e2700000)
  from space 20480K, 22% used [0x00000000e2700000,0x00000000e2b926a8,0x00000000e3b00000)
  to   space 19968K, 0% used [0x00000000e9f00000,0x00000000e9f00000,0x00000000eb280000)
 ParOldGen       total 51712K, used 37699K [0x0000000080000000, 0x0000000083280000, 0x00000000d5580000)
  object space 51712K, 72% used [0x0000000080000000,0x00000000824d0dc8,0x0000000083280000)
 Metaspace       used 56885K, capacity 59042K, committed 59160K, reserved 1099776K
  class space    used 7803K, capacity 8262K, committed 8320K, reserved 1048576K
}
Event: 19.603 GC heap before
{Heap before GC invocations=16 (full 3):
 PSYoungGen      total 235008K, used 4681K [0x00000000d5580000, 0x00000000eb280000, 0x0000000100000000)
  eden space 214528K, 0% used [0x00000000d5580000,0x00000000d5580000,0x00000000e2700000)
  from space 20480K, 22% used [0x00000000e2700000,0x00000000e2b926a8,0x00000000e3b00000)
  to   space 19968K, 0% used [0x00000000e9f00000,0x00000000e9f00000,0x00000000eb280000)
 ParOldGen       total 51712K, used 37699K [0x0000000080000000, 0x0000000083280000, 0x00000000d5580000)
  object space 51712K, 72% used [0x0000000080000000,0x00000000824d0dc8,0x0000000083280000)
 Metaspace       used 56885K, capacity 59042K, committed 59160K, reserved 1099776K
  class space    used 7803K, capacity 8262K, committed 8320K, reserved 1048576K
Event: 19.984 GC heap after
Heap after GC invocations=16 (full 3):
 PSYoungGen      total 235008K, used 0K [0x00000000d5580000, 0x00000000eb280000, 0x0000000100000000)
  eden space 214528K, 0% used [0x00000000d5580000,0x00000000d5580000,0x00000000e2700000)
  from space 20480K, 0% used [0x00000000e2700000,0x00000000e2700000,0x00000000e3b00000)
  to   space 19968K, 0% used [0x00000000e9f00000,0x00000000e9f00000,0x00000000eb280000)
 ParOldGen       total 81920K, used 34136K [0x0000000080000000, 0x0000000085000000, 0x00000000d5580000)
  object space 81920K, 41% used [0x0000000080000000,0x0000000082156338,0x0000000085000000)
 Metaspace       used 56884K, capacity 59036K, committed 59160K, reserved 1099776K
  class space    used 7802K, capacity 8261K, committed 8320K, reserved 1048576K
}

Deoptimization events (10 events):
Event: 17.956 Thread 0x000001a007995800 Uncommon trap: reason=unstable_if action=reinterpret pc=0x000001a0704bfdf4 method=java.util.Properties$LineReader.readLine()I @ 328
Event: 18.026 Thread 0x000001a007995800 Uncommon trap: reason=unstable_if action=reinterpret pc=0x000001a07097da68 method=sun.net.www.protocol.jar.Handler.parseURL(Ljava/net/URL;Ljava/lang/String;II)V @ 116
Event: 18.086 Thread 0x000001a007995800 Uncommon trap: reason=unstable_if action=reinterpret pc=0x000001a0706db4a0 method=java.util.Properties$LineReader.readLine()I @ 81
Event: 18.235 Thread 0x000001a007995800 Uncommon trap: reason=unstable_if action=reinterpret pc=0x000001a070a0ecc8 method=java.util.concurrent.ConcurrentHashMap.putVal(Ljava/lang/Object;Ljava/lang/Object;Z)Ljava/lang/Object; @ 195
Event: 18.310 Thread 0x000001a007995800 Uncommon trap: reason=null_check action=make_not_entrant pc=0x000001a070a7dfc0 method=java.lang.Class.searchMethods([Ljava/lang/reflect/Method;Ljava/lang/String;[Ljava/lang/Class;)Ljava/lang/reflect/Method; @ 59
Event: 18.389 Thread 0x000001a007995800 Uncommon trap: reason=unstable_if action=reinterpret pc=0x000001a0711e5fcc method=org.codehaus.groovy.runtime.metaclass.MetaMethodIndex.addMethodToList(Ljava/lang/Object;Lgroovy/lang/MetaMethod;)Ljava/lang/Object; @ 256
Event: 18.658 Thread 0x000001a007995800 Uncommon trap: reason=null_check action=make_not_entrant pc=0x000001a070e4e548 method=org.gradle.util.internal.SimpleMapInterner.intern(Ljava/lang/Object;)Ljava/lang/Object; @ 2
Event: 18.658 Thread 0x000001a007995800 Uncommon trap: reason=unstable_if action=reinterpret pc=0x000001a070e48abc method=org.gradle.util.internal.SimpleMapInterner.intern(Ljava/lang/String;)Ljava/lang/String; @ 1
Event: 20.118 Thread 0x000001a007995800 Uncommon trap: reason=unstable_if action=reinterpret pc=0x000001a070fee2e8 method=sun.misc.MetaIndex.mayContain(Ljava/lang/String;)Z @ 38
Event: 20.120 Thread 0x000001a007995800 Uncommon trap: reason=unstable_if action=reinterpret pc=0x000001a07041480c method=java.security.CodeSource.hashCode()I @ 4

Classes redefined (0 events):
No events

Internal exceptions (10 events):
Event: 20.352 Thread 0x000001a007995800 Exception <a 'java/lang/ClassNotFoundException': com/android/build/gradle/internal/api/ApkVariantOutputImpl_DecoratedBeanInfo> (0x00000000d6639a40) thrown at [C:\wsjdk\Corretto8Src\installers\windows\zip\corretto-build\buildRoot\src\hotspot\src\share\vm\c
Event: 20.353 Thread 0x000001a007995800 Exception <a 'java/lang/ClassNotFoundException': com/android/build/gradle/internal/api/ApkVariantOutputImplBeanInfo> (0x00000000d665a080) thrown at [C:\wsjdk\Corretto8Src\installers\windows\zip\corretto-build\buildRoot\src\hotspot\src\share\vm\classfile\s
Event: 20.353 Thread 0x000001a007995800 Exception <a 'java/lang/ClassNotFoundException': com/android/build/gradle/internal/api/BaseVariantOutputImplBeanInfo> (0x00000000d667bb50) thrown at [C:\wsjdk\Corretto8Src\installers\windows\zip\corretto-build\buildRoot\src\hotspot\src\share\vm\classfile\
Event: 20.354 Thread 0x000001a007995800 Exception <a 'java/lang/ClassNotFoundException': com/android/build/gradle/internal/api/BaseVariantOutputImplCustomizer> (0x00000000d669dc58) thrown at [C:\wsjdk\Corretto8Src\installers\windows\zip\corretto-build\buildRoot\src\hotspot\src\share\vm\classfil
Event: 20.355 Thread 0x000001a007995800 Exception <a 'java/lang/ClassNotFoundException': com/android/build/gradle/internal/api/ApkVariantOutputImplCustomizer> (0x00000000d66d9ab8) thrown at [C:\wsjdk\Corretto8Src\installers\windows\zip\corretto-build\buildRoot\src\hotspot\src\share\vm\classfile
Event: 20.355 Thread 0x000001a007995800 Exception <a 'java/lang/ClassNotFoundException': com/android/build/gradle/internal/api/ApkVariantOutputImpl_DecoratedCustomizer> (0x00000000d67115c8) thrown at [C:\wsjdk\Corretto8Src\installers\windows\zip\corretto-build\buildRoot\src\hotspot\src\share\vm
Event: 20.387 Thread 0x000001a007995800 Exception <a 'java/lang/ClassNotFoundException': com/android/build/gradle/internal/api/ReadOnlyBuildTypeBeanInfo> (0x00000000d68c41f0) thrown at [C:\wsjdk\Corretto8Src\installers\windows\zip\corretto-build\buildRoot\src\hotspot\src\share\vm\classfile\syst
Event: 20.388 Thread 0x000001a007995800 Exception <a 'java/lang/ClassNotFoundException': com/android/build/gradle/internal/api/ReadOnlyBaseConfigBeanInfo> (0x00000000d68e5370) thrown at [C:\wsjdk\Corretto8Src\installers\windows\zip\corretto-build\buildRoot\src\hotspot\src\share\vm\classfile\sys
Event: 20.388 Thread 0x000001a007995800 Exception <a 'java/lang/ClassNotFoundException': com/android/build/gradle/internal/api/ReadOnlyBaseConfigCustomizer> (0x00000000d69062a8) thrown at [C:\wsjdk\Corretto8Src\installers\windows\zip\corretto-build\buildRoot\src\hotspot\src\share\vm\classfile\s
Event: 20.389 Thread 0x000001a007995800 Exception <a 'java/lang/ClassNotFoundException': com/android/build/gradle/internal/api/ReadOnlyBuildTypeCustomizer> (0x00000000d693b5d8) thrown at [C:\wsjdk\Corretto8Src\installers\windows\zip\corretto-build\buildRoot\src\hotspot\src\share\vm\classfile\sy

Events (10 events):
Event: 20.407 loading class org/jetbrains/kotlin/gradle/plugin/mpp/AbstractKotlinCompilation$addSourcesToCompileTask$1
Event: 20.407 loading class org/jetbrains/kotlin/gradle/plugin/mpp/AbstractKotlinCompilation$addSourcesToCompileTask$1 done
Event: 20.407 loading class org/jetbrains/kotlin/gradle/plugin/mpp/KotlinCompilationsKt$addSourcesToKotlinCompileTask$1
Event: 20.408 loading class org/jetbrains/kotlin/gradle/plugin/mpp/KotlinCompilationsKt$addSourcesToKotlinCompileTask$1 done
Event: 20.408 loading class org/jetbrains/kotlin/gradle/plugin/mpp/KotlinCompilationsKt$addSourcesToKotlinCompileTask$2
Event: 20.408 loading class org/jetbrains/kotlin/gradle/plugin/mpp/KotlinCompilationsKt$addSourcesToKotlinCompileTask$2 done
Event: 20.409 loading class org/jetbrains/kotlin/gradle/plugin/GradleUtilsKt
Event: 20.409 loading class org/jetbrains/kotlin/gradle/plugin/GradleUtilsKt done
Event: 20.411 loading class com/android/build/gradle/internal/api/UnitTestVariantImpl
Event: 20.411 loading class com/android/build/gradle/internal/api/UnitTestVariantImpl done


Dynamic libraries:
0x00007ff6415c0000 - 0x00007ff6415fa000 	C:\Users\USER\.jdks\corretto-1.8.0_302\bin\java.exe
0x00007fff031c0000 - 0x00007fff033c7000 	C:\WINDOWS\SYSTEM32\ntdll.dll
0x00007fff01c70000 - 0x00007fff01d2d000 	C:\WINDOWS\System32\KERNEL32.DLL
0x00007fff00a50000 - 0x00007fff00dc4000 	C:\WINDOWS\System32\KERNELBASE.dll
0x00007fff01390000 - 0x00007fff0143c000 	C:\WINDOWS\System32\ADVAPI32.dll
0x00007fff030c0000 - 0x00007fff03163000 	C:\WINDOWS\System32\msvcrt.dll
0x00007fff01d30000 - 0x00007fff01dcd000 	C:\WINDOWS\System32\sechost.dll
0x00007fff01ae0000 - 0x00007fff01c01000 	C:\WINDOWS\System32\RPCRT4.dll
0x00007fff02f10000 - 0x00007fff030bc000 	C:\WINDOWS\System32\USER32.dll
0x00007fff00dd0000 - 0x00007fff00df6000 	C:\WINDOWS\System32\win32u.dll
0x00007fff02120000 - 0x00007fff02149000 	C:\WINDOWS\System32\GDI32.dll
0x00007fff00930000 - 0x00007fff00a42000 	C:\WINDOWS\System32\gdi32full.dll
0x00007fff006a0000 - 0x00007fff0073d000 	C:\WINDOWS\System32\msvcp_win.dll
0x00007fff00f30000 - 0x00007fff01041000 	C:\WINDOWS\System32\ucrtbase.dll
0x00007ffee7540000 - 0x00007ffee77e5000 	C:\WINDOWS\WinSxS\amd64_microsoft.windows.common-controls_6595b64144ccf1df_6.0.22000.120_none_9d947278b86cc467\COMCTL32.dll
0x00007fff02150000 - 0x00007fff02181000 	C:\WINDOWS\System32\IMM32.DLL
0x00007ffedaad0000 - 0x00007ffedabbf000 	C:\Users\USER\.jdks\corretto-1.8.0_302\jre\bin\msvcr120.dll
0x00007ffedaef0000 - 0x00007ffedaf96000 	C:\Users\USER\.jdks\corretto-1.8.0_302\jre\bin\msvcp120.dll
0x0000000050e40000 - 0x00000000516b0000 	C:\Users\USER\.jdks\corretto-1.8.0_302\jre\bin\server\jvm.dll
0x00007fff01440000 - 0x00007fff01448000 	C:\WINDOWS\System32\PSAPI.DLL
0x00007ffefac30000 - 0x00007ffefac39000 	C:\WINDOWS\SYSTEM32\WSOCK32.dll
0x00007fff01f90000 - 0x00007fff01fff000 	C:\WINDOWS\System32\WS2_32.dll
0x00007ffef28a0000 - 0x00007ffef28d3000 	C:\WINDOWS\SYSTEM32\WINMM.dll
0x00007ffef2db0000 - 0x00007ffef2dba000 	C:\WINDOWS\SYSTEM32\VERSION.dll
0x00007ffef2940000 - 0x00007ffef294f000 	C:\Users\USER\.jdks\corretto-1.8.0_302\jre\bin\verify.dll
0x00007ffee23b0000 - 0x00007ffee23d9000 	C:\Users\USER\.jdks\corretto-1.8.0_302\jre\bin\java.dll
0x00007ffee96f0000 - 0x00007ffee9706000 	C:\Users\USER\.jdks\corretto-1.8.0_302\jre\bin\zip.dll
0x00007fff02240000 - 0x00007fff029e9000 	C:\WINDOWS\System32\SHELL32.dll
0x00007ffefe760000 - 0x00007ffefefc2000 	C:\WINDOWS\SYSTEM32\windows.storage.dll
0x00007fff02ab0000 - 0x00007fff02e28000 	C:\WINDOWS\System32\combase.dll
0x00007ffefe5f0000 - 0x00007ffefe756000 	C:\WINDOWS\SYSTEM32\wintypes.dll
0x00007fff01220000 - 0x00007fff0130a000 	C:\WINDOWS\System32\SHCORE.dll
0x00007fff010d0000 - 0x00007fff0112d000 	C:\WINDOWS\System32\shlwapi.dll
0x00007fff005d0000 - 0x00007fff005f1000 	C:\WINDOWS\SYSTEM32\profapi.dll
0x00007ffee7230000 - 0x00007ffee724a000 	C:\Users\USER\.jdks\corretto-1.8.0_302\jre\bin\net.dll
0x00007ffeffcd0000 - 0x00007ffeffd37000 	C:\WINDOWS\system32\mswsock.dll
0x00007ffee2a70000 - 0x00007ffee2a82000 	C:\Users\USER\.jdks\corretto-1.8.0_302\jre\bin\nio.dll
0x00007ffee2a90000 - 0x00007ffee2ab7000 	C:\Users\USER\.gradle\native\f6784746aeab05261644944871eae4fe03e0ef1612fff0a4a95f87b438bc6780\windows-amd64\native-platform.dll
0x00007ffef2190000 - 0x00007ffef219d000 	C:\Users\USER\.jdks\corretto-1.8.0_302\jre\bin\management.dll
0x00007ffefff10000 - 0x00007ffefff28000 	C:\WINDOWS\SYSTEM32\CRYPTSP.dll
0x00007ffeff820000 - 0x00007ffeff855000 	C:\WINDOWS\system32\rsaenh.dll
0x00007ffeffdc0000 - 0x00007ffeffde9000 	C:\WINDOWS\SYSTEM32\USERENV.dll
0x00007fff00090000 - 0x00007fff000b7000 	C:\WINDOWS\SYSTEM32\bcrypt.dll
0x00007fff00740000 - 0x00007fff007c0000 	C:\WINDOWS\System32\bcryptprimitives.dll
0x00007ffefff30000 - 0x00007ffefff3c000 	C:\WINDOWS\SYSTEM32\CRYPTBASE.dll
0x00007ffeff400000 - 0x00007ffeff42d000 	C:\WINDOWS\SYSTEM32\IPHLPAPI.DLL
0x00007fff01310000 - 0x00007fff01319000 	C:\WINDOWS\System32\NSI.dll
0x00007ffef0110000 - 0x00007ffef0129000 	C:\WINDOWS\SYSTEM32\dhcpcsvc6.DLL
0x00007ffef0230000 - 0x00007ffef024e000 	C:\WINDOWS\SYSTEM32\dhcpcsvc.DLL
0x00007ffeff430000 - 0x00007ffeff517000 	C:\WINDOWS\SYSTEM32\DNSAPI.dll
0x00007ffef0100000 - 0x00007ffef010c000 	C:\WINDOWS\SYSTEM32\WINNSI.DLL

VM Arguments:
jvm_args: -Xmx2048m -Dfile.encoding=UTF-8 -Duser.country=PH -Duser.language=en -Duser.variant 
java_command: org.gradle.launcher.daemon.bootstrap.GradleDaemon 6.5
java_class_path (initial): C:\Users\USER\.gradle\wrapper\dists\gradle-6.5-bin\6nifqtx7604sqp1q6g8wikw7p\gradle-6.5\lib\gradle-launcher-6.5.jar
Launcher Type: SUN_STANDARD

Environment Variables:
PATH=C:\Windows\system32;C:\Windows;C:\Windows\System32\Wbem;C:\Windows\System32\WindowsPowerShell\v1.0\;C:\Windows\System32\OpenSSH\;C:\Program Files (x86)\NVIDIA Corporation\PhysX\Common;C:\Program Files\NVIDIA Corporation\NVIDIA NvDLISR;C:\WINDOWS\system32;C:\WINDOWS;C:\WINDOWS\System32\Wbem;C:\WINDOWS\System32\WindowsPowerShell\v1.0\;C:\WINDOWS\System32\OpenSSH\;C:\ProgramData\ComposerSetup\bin;C:\Users\USER\AppData\Local\Microsoft\WindowsApps;C:\Users\USER\AppData\Local\Programs\Microsoft VS Code\bin;C:\xampp\php;C:\Users\USER\composer;C:\Users\USER\AppData\Roaming\Composer\vendor\bin;C:\ProgramData\ComposerSetup\bin;
USERNAME=USER
OS=Windows_NT
PROCESSOR_IDENTIFIER=Intel64 Family 6 Model 142 Stepping 12, GenuineIntel



---------------  S Y S T E M  ---------------

OS: Windows 10.0 , 64 bit Build 22000 (10.0.22000.120)

CPU:total 4 (initial active 4) (2 cores per cpu, 2 threads per core) family 6 model 142 stepping 12, cmov, cx8, fxsr, mmx, sse, sse2, sse3, ssse3, sse4.1, sse4.2, popcnt, avx, avx2, aes, clmul, erms, 3dnowpref, lzcnt, ht, tsc, tscinvbit, bmi1, bmi2, adx

Memory: 4k page, physical 3986420k(281524k free), swap 8082420k(5524k free)

vm_info: OpenJDK 64-Bit Server VM (25.302-b08) for windows-amd64 JRE (1.8.0_302-b08), built on Jul 15 2021 19:37:21 by "Administrator" with MS VC++ 12.0 (VS2013)

time: Tue Oct 26 17:39:48 2021
timezone: SE Asia Standard Time
elapsed time: 20.434046 seconds (0d 0h 0m 20s)

